<?xml version="1.0" encoding="UTF-8"?>
<!-- Generated by org.testng.reporters.JUnitXMLReporter -->
<testsuite ignored="0" hostname="DESKTOP-23K2P5H" failures="0" tests="4" name="Test" time="0.147" errors="0" timestamp="2022-01-18T09:59:10 EST">
  <testcase classname="qaclickacademy.maveenjava.AppiumTest" name="IOSApps" time="0.022"/>
  <testcase classname="qaclickacademy.maveenjava.AppiumTest" name="NativeAppAndroid" time="0.003"/>
  <testcase classname="qaclickacademy.maveenjava.RESTAPI" name="deleteTwitter" time="0.002"/>
  <testcase classname="qaclickacademy.maveenjava.RESTAPI" name="postjira" time="0.004"/>
</testsuite> <!-- Test -->
