<?xml version="1.0" encoding="UTF-8"?>
<!-- Generated by org.testng.reporters.JUnitXMLReporter -->
<testsuite ignored="0" hostname="DESKTOP-23K2P5H" failures="0" tests="4" name="Test" time="0.114" errors="0" timestamp="2022-01-19T13:05:03 EST">
  <testcase classname="qaclickacademy.maveenjava.AppiumTest" name="IOSApps" time="0.01"/>
  <testcase classname="qaclickacademy.maveenjava.AppiumTest" name="NativeAppAndroid" time="0.001"/>
  <testcase classname="qaclickacademy.maveenjava.RESTAPI" name="deleteTwitter" time="0.001"/>
  <testcase classname="qaclickacademy.maveenjava.RESTAPI" name="postjira" time="0.001"/>
</testsuite> <!-- Test -->
