<?xml version="1.0" encoding="UTF-8"?>
<testng-results ignored="0" total="4" passed="4" failed="0" skipped="0">
  <reporter-output>
  </reporter-output>
  <suite started-at="2022-01-19T13:05:03 EST" name="Suite" finished-at="2022-01-19T13:05:03 EST" duration-ms="114">
    <groups>
    </groups>
    <test started-at="2022-01-19T13:05:03 EST" name="Test" finished-at="2022-01-19T13:05:03 EST" duration-ms="114">
      <class name="qaclickacademy.maveenjava.AppiumTest">
        <test-method signature="IOSApps()[pri:0, instance:qaclickacademy.maveenjava.AppiumTest@101952da]" started-at="2022-01-19T13:05:03 EST" name="IOSApps" finished-at="2022-01-19T13:05:03 EST" duration-ms="10" status="PASS">
          <reporter-output>
          </reporter-output>
        </test-method> <!-- IOSApps -->
        <test-method signature="NativeAppAndroid()[pri:0, instance:qaclickacademy.maveenjava.AppiumTest@101952da]" started-at="2022-01-19T13:05:03 EST" name="NativeAppAndroid" finished-at="2022-01-19T13:05:03 EST" duration-ms="1" status="PASS">
          <reporter-output>
          </reporter-output>
        </test-method> <!-- NativeAppAndroid -->
      </class> <!-- qaclickacademy.maveenjava.AppiumTest -->
      <class name="qaclickacademy.maveenjava.RESTAPI">
        <test-method signature="deleteTwitter()[pri:0, instance:qaclickacademy.maveenjava.RESTAPI@49c7b90e]" started-at="2022-01-19T13:05:03 EST" name="deleteTwitter" finished-at="2022-01-19T13:05:03 EST" duration-ms="1" status="PASS">
          <reporter-output>
          </reporter-output>
        </test-method> <!-- deleteTwitter -->
        <test-method signature="postjira()[pri:0, instance:qaclickacademy.maveenjava.RESTAPI@49c7b90e]" started-at="2022-01-19T13:05:03 EST" name="postjira" finished-at="2022-01-19T13:05:03 EST" duration-ms="1" status="PASS">
          <reporter-output>
          </reporter-output>
        </test-method> <!-- postjira -->
      </class> <!-- qaclickacademy.maveenjava.RESTAPI -->
    </test> <!-- Test -->
  </suite> <!-- Suite -->
</testng-results>
