<?xml version="1.0" encoding="UTF-8"?>
<testng-results ignored="0" total="2" passed="2" failed="0" skipped="0">
  <reporter-output>
  </reporter-output>
  <suite started-at="2022-01-19T16:15:32 EST" name="Default suite" finished-at="2022-01-19T16:15:32 EST" duration-ms="93">
    <groups>
    </groups>
    <test started-at="2022-01-19T16:15:32 EST" name="Default test" finished-at="2022-01-19T16:15:32 EST" duration-ms="93">
      <class name="qaclickacademy.maveenjava.AppiumTest">
        <test-method signature="IOSApps()[pri:0, instance:qaclickacademy.maveenjava.AppiumTest@73e22a3d]" started-at="2022-01-19T16:15:32 EST" name="IOSApps" finished-at="2022-01-19T16:15:32 EST" duration-ms="14" status="PASS">
          <reporter-output>
          </reporter-output>
        </test-method> <!-- IOSApps -->
        <test-method signature="NativeAppAndroid()[pri:0, instance:qaclickacademy.maveenjava.AppiumTest@73e22a3d]" started-at="2022-01-19T16:15:32 EST" name="NativeAppAndroid" finished-at="2022-01-19T16:15:32 EST" duration-ms="2" status="PASS">
          <reporter-output>
          </reporter-output>
        </test-method> <!-- NativeAppAndroid -->
      </class> <!-- qaclickacademy.maveenjava.AppiumTest -->
    </test> <!-- Default test -->
  </suite> <!-- Default suite -->
</testng-results>
